#######################################################################################
# log primitive debug message of FSDB dumping                                         #
# This is for R&D to analyze when there are issues happening when FSDB dump           #
#######################################################################################
ANF: vcsd_get_serial_mode_status('./simv: undefined symbol: vcsd_get_serial_mode_status')
ANF: vcs_fgp_get_is_cpu_affinity_disabled('./simv: undefined symbol: vcs_fgp_get_is_cpu_affinity_disabled')
ANF: vcsd_enable_sva_success_callback('./simv: undefined symbol: vcsd_enable_sva_success_callback')
ANF: vcsd_disable_sva_success_callback('./simv: undefined symbol: vcsd_disable_sva_success_callback')
ANF: vcsd_get_power_scope_name('./simv: undefined symbol: vcsd_get_power_scope_name')
ANF: vcsd_begin_no_value_var_info('./simv: undefined symbol: vcsd_begin_no_value_var_info')
ANF: vcsd_end_no_value_var_info('./simv: undefined symbol: vcsd_end_no_value_var_info')
ANF: vcsd_remove_xprop_merge_mode_callback('./simv: undefined symbol: vcsd_remove_xprop_merge_mode_callback')
ANF: vcsd_is_access_class_enabled('./simv: undefined symbol: vcsd_is_access_class_enabled')
ANF: vhpi_get_cb_info('./simv: undefined symbol: vhpi_get_cb_info')
ANF: vhpi_free_handle('./simv: undefined symbol: vhpi_free_handle')
ANF: vhpi_fetch_vcsd_handle('./simv: undefined symbol: vhpi_fetch_vcsd_handle')
ANF: vhpi_fetch_vpi_handle('./simv: undefined symbol: vhpi_fetch_vpi_handle')
ANF: vhpi_has_verilog_parent('./simv: undefined symbol: vhpi_has_verilog_parent')
ANF: vhpi_is_verilog_scope('./simv: undefined symbol: vhpi_is_verilog_scope')
ANF: scsd_xprop_is_enabled('./simv: undefined symbol: scsd_xprop_is_enabled')
ANF: scsd_xprop_sig_is_promoted('./simv: undefined symbol: scsd_xprop_sig_is_promoted')
ANF: scsd_xprop_int_xvalue('./simv: undefined symbol: scsd_xprop_int_xvalue')
ANF: scsd_xprop_bool_xvalue('./simv: undefined symbol: scsd_xprop_bool_xvalue')
ANF: scsd_xprop_enum_xvalue('./simv: undefined symbol: scsd_xprop_enum_xvalue')
ANF: scsd_xprop_register_merge_mode_cb('./simv: undefined symbol: scsd_xprop_register_merge_mode_cb')
ANF: scsd_xprop_delete_merge_mode_cb('./simv: undefined symbol: scsd_xprop_delete_merge_mode_cb')
ANF: scsd_xprop_get_merge_mode('./simv: undefined symbol: scsd_xprop_get_merge_mode')
ANF: scsd_thread_get_info('./simv: undefined symbol: scsd_thread_get_info')
ANF: scsd_thread_vc_init('./simv: undefined symbol: scsd_thread_vc_init')
ANF: scsd_master_set_delta_sync_cbk('./simv: undefined symbol: scsd_master_set_delta_sync_cbk')
ANF: scsd_fgp_get_fsdb_cores('./simv: undefined symbol: scsd_fgp_get_fsdb_cores')
ANF: scsd_fgp_get_is_cpu_affinity_disabled('./simv: undefined symbol: scsd_fgp_get_is_cpu_affinity_disabled')
ANF: vhdi_dt_get_type('./simv: undefined symbol: vhdi_dt_get_type')
ANF: vhdi_dt_get_key('./simv: undefined symbol: vhdi_dt_get_key')
ANF: vhdi_dt_get_vhdl_enum_info('./simv: undefined symbol: vhdi_dt_get_vhdl_enum_info')
ANF: vhdi_dt_get_vhdl_physical_info('./simv: undefined symbol: vhdi_dt_get_vhdl_physical_info')
ANF: vhdi_dt_get_vhdl_array_info('./simv: undefined symbol: vhdi_dt_get_vhdl_array_info')
ANF: vhdi_dt_get_vhdl_record_info('./simv: undefined symbol: vhdi_dt_get_vhdl_record_info')
ANF: vhdi_def_traverse_module('./simv: undefined symbol: vhdi_def_traverse_module')
ANF: vhdi_def_traverse_scope('./simv: undefined symbol: vhdi_def_traverse_scope')
ANF: vhdi_def_traverse_variable('./simv: undefined symbol: vhdi_def_traverse_variable')
ANF: vhdi_def_get_module_id_by_vhpi('./simv: undefined symbol: vhdi_def_get_module_id_by_vhpi')
ANF: vhdi_def_get_handle_by_module_id('./simv: undefined symbol: vhdi_def_get_handle_by_module_id')
ANF: vhdi_def_get_variable_info_by_vhpi('./simv: undefined symbol: vhdi_def_get_variable_info_by_vhpi')
ANF: vhdi_def_free('./simv: undefined symbol: vhdi_def_free')
ANF: vhdi_ist_traverse_scope('./simv: undefined symbol: vhdi_ist_traverse_scope')
ANF: vhdi_ist_traverse_variable('./simv: undefined symbol: vhdi_ist_traverse_variable')
ANF: vhdi_ist_convert_by_vhpi('./simv: undefined symbol: vhdi_ist_convert_by_vhpi')
ANF: vhdi_ist_clone('./simv: undefined symbol: vhdi_ist_clone')
ANF: vhdi_ist_free('./simv: undefined symbol: vhdi_ist_free')
ANF: vhdi_ist_hash_key('./simv: undefined symbol: vhdi_ist_hash_key')
ANF: vhdi_ist_compare('./simv: undefined symbol: vhdi_ist_compare')
ANF: vhdi_ist_get_value_addr('./simv: undefined symbol: vhdi_ist_get_value_addr')
ANF: vhdi_set_scsd_callback('./simv: undefined symbol: vhdi_set_scsd_callback')
ANF: vhdi_cbk_set_force_callback('./simv: undefined symbol: vhdi_cbk_set_force_callback')
ANF: vhdi_trigger_init_force('./simv: undefined symbol: vhdi_trigger_init_force')
ANF: vhdi_ist_check_scsd_callback('./simv: undefined symbol: vhdi_ist_check_scsd_callback')
ANF: vhdi_ist_add_scsd_callback('./simv: undefined symbol: vhdi_ist_add_scsd_callback')
ANF: vhdi_ist_remove_scsd_callback('./simv: undefined symbol: vhdi_ist_remove_scsd_callback')
ANF: vhdi_ist_get_scsd_user_data('./simv: undefined symbol: vhdi_ist_get_scsd_user_data')
ANF: vhdi_add_time_change_callback('./simv: undefined symbol: vhdi_add_time_change_callback')
ANF: vhdi_get_real_value_by_value_addr('./simv: undefined symbol: vhdi_get_real_value_by_value_addr')
ANF: vhdi_get_64_value_by_value_addr('./simv: undefined symbol: vhdi_get_64_value_by_value_addr')
ANF: vhdi_xprop_inst_is_promoted('./simv: undefined symbol: vhdi_xprop_inst_is_promoted')
ANF: vdi_ist_convert_by_vhdi('./simv: undefined symbol: vdi_ist_convert_by_vhdi')
ANF: vhdi_ist_get_module_id('./simv: undefined symbol: vhdi_ist_get_module_id')
ANF: vhdi_refine_foreign_scope_type('./simv: undefined symbol: vhdi_refine_foreign_scope_type')
ANF: vhdi_flush_callback('./simv: undefined symbol: vhdi_flush_callback')
ANF: vhdi_set_orig_name('./simv: undefined symbol: vhdi_set_orig_name')
ANF: vhdi_set_dump_pt('./simv: undefined symbol: vhdi_set_dump_pt')
ANF: vhdi_get_fsdb_option('./simv: undefined symbol: vhdi_get_fsdb_option')
ANF: vhdi_fgp_get_mode('./simv: undefined symbol: vhdi_fgp_get_mode')
ANF: vhdi_node_register_composite_var('./simv: undefined symbol: vhdi_node_register_composite_var')
ANF: vhdi_node_analysis('./simv: undefined symbol: vhdi_node_analysis')
ANF: vhdi_node_id('./simv: undefined symbol: vhdi_node_id')
ANF: vhdi_node_ist_check_scsd_callback('./simv: undefined symbol: vhdi_node_ist_check_scsd_callback')
ANF: vhdi_node_ist_add_scsd_callback('./simv: undefined symbol: vhdi_node_ist_add_scsd_callback')
ANF: vhdi_node_ist_get_value_addr('./simv: undefined symbol: vhdi_node_ist_get_value_addr')
ANF: vhdi_enc_def_traverse_module('./simv: undefined symbol: vhdi_enc_def_traverse_module')
ANF: vhdi_enc_def_traverse_scope('./simv: undefined symbol: vhdi_enc_def_traverse_scope')
ANF: vhdi_enc_def_traverse_variable('./simv: undefined symbol: vhdi_enc_def_traverse_variable')
ANF: vhdi_enc_ist_traverse_scope('./simv: undefined symbol: vhdi_enc_ist_traverse_scope')
ANF: vhdi_enc_ist_traverse_variable('./simv: undefined symbol: vhdi_enc_ist_traverse_variable')
ANF: vhdi_enc_ist_get_module_id('./simv: undefined symbol: vhdi_enc_ist_get_module_id')
ANF: vhdi_enc_def_get_handle_by_module_id('./simv: undefined symbol: vhdi_enc_def_get_handle_by_module_id')
VCS compile option:
 option[0]: ./simv
 option[1]: /home/projects/ee477.2023wtr/cad/synopsys/vcs/Q-2020.03-SP1/linux64/bin/vcs1
 option[2]: -Mcc=gcc
 option[3]: -Mcplusplus=g++
 option[4]: -Masflags=
 option[5]: -Mcfl= -pipe -fPIC -O -I/home/projects/ee477.2023wtr/cad/synopsys/vcs/Q-2020.03-SP1/include 
 option[6]: -Mxllcflags=
 option[7]: -Mxcflags= -pipe -fPIC -I/home/projects/ee477.2023wtr/cad/synopsys/vcs/Q-2020.03-SP1/include
 option[8]: -Mldflags= -rdynamic 
 option[9]: -Mout=/home/kangll/ee477-designs-final-project/bsg_cgol/build/sim-rtl-rundir/simv
 option[10]: -Mamsrun=
 option[11]: -Mvcsaceobjs=
 option[12]: -Mobjects= /home/projects/ee477.2023wtr/cad/synopsys/vcs/Q-2020.03-SP1/linux64/lib/libvirsim.so /home/projects/ee477.2023wtr/cad/synopsys/vcs/Q-2020.03-SP1/linux64/lib/liberrorinf.so /home/projects/ee477.2023wtr/cad/synopsys/vcs/Q-2020.03-SP1/linux64/lib/libsnpsmalloc.so /home/projects/ee477.2023wtr/cad/synopsys/vcs/Q-2020.03-SP1/linux64/lib/libvfs.so 
 option[13]: -Mexternalobj=
 option[14]: -Msaverestoreobj=/home/projects/ee477.2023wtr/cad/synopsys/vcs/Q-2020.03-SP1/linux64/lib/vcs_save_restore_new.o
 option[15]: -Mcrt0=
 option[16]: -Mcrtn=
 option[17]: -Mcsrc=
 option[18]: -Mdir=/home/kangll/ee477-designs-final-project/bsg_cgol/build/sim-rtl-rundir
 option[19]: -Msyslibs=/home/projects/ee477.2023wtr/cad/synopsys/verdi/Q-2020.03-SP2-8/share/PLI/VCS/LINUX64/pli.a -ldl 
 option[20]: -full64
 option[21]: -override_timescale=1ps/1ps
 option[22]: -o
 option[23]: /home/kangll/ee477-designs-final-project/bsg_cgol/build/sim-rtl-rundir/simv
 option[24]: -debug_access+all
 option[25]: +vpi
 option[26]: +vcsd1
 option[27]: +itf+/home/projects/ee477.2023wtr/cad/synopsys/vcs/Q-2020.03-SP1/linux64/lib/vcsdp_lite.tab
 option[28]: -kdb
 option[29]: -Xufe=2steps
 option[30]: -top
 option[31]: bsg_double_trouble_pcb
 option[32]: +define+FSB_LEGACY=1
 option[33]: +define+NUM_MASTER_NODES=1
 option[34]: +define+CORE_0_PERIOD=10000
 option[35]: +define+IO_MASTER_0_PERIOD=20000
 option[36]: +define+CORE_1_PERIOD=10000
 option[37]: +define+IO_MASTER_1_PERIOD=20000
 option[38]: -picarchive
 option[39]: -P
 option[40]: /home/projects/ee477.2023wtr/cad/synopsys/verdi/Q-2020.03-SP2-8/share/PLI/VCS/LINUX64/verdi.tab
 option[41]: -fsdb
 option[42]: -sverilog
 option[43]: -gen_obj
 option[44]: ../common/v/bsg_guts.vh
 option[45]: /home/kangll/basejump_stl/bsg_misc/bsg_defines.v
 option[46]: /home/kangll/basejump_stl/bsg_fsb/bsg_fsb_pkg.v
 option[47]: /home/kangll/basejump_stl/bsg_noc/bsg_noc_links.vh
 option[48]: /home/kangll/basejump_stl/bsg_noc/bsg_noc_pkg.v
 option[49]: /home/kangll/basejump_stl/bsg_noc/bsg_mesh_router_pkg.v
 option[50]: /home/kangll/basejump_stl/bsg_misc/bsg_counter_overflow_set_en.v
 option[51]: /home/kangll/basejump_stl/bsg_misc/bsg_concentrate_static.v
 option[52]: /home/kangll/basejump_stl/bsg_misc/bsg_unconcentrate_static.v
 option[53]: /home/kangll/basejump_stl/bsg_misc/bsg_counter_set_down.v
 option[54]: /home/kangll/basejump_stl/bsg_misc/bsg_array_concentrate_static.v
 option[55]: /home/kangll/basejump_stl/bsg_noc/bsg_wormhole_router_pkg.v
 option[56]: /home/kangll/basejump_stl/bsg_noc/bsg_wormhole_router.v
 option[57]: /home/kangll/basejump_stl/bsg_noc/bsg_ready_and_link_async_to_wormhole.v
 option[58]: /home/kangll/basejump_stl/bsg_noc/bsg_wormhole_router_decoder_dor.v
 option[59]: /home/kangll/basejump_stl/bsg_noc/bsg_wormhole_router_input_control.v
 option[60]: /home/kangll/basejump_stl/bsg_noc/bsg_wormhole_router_output_control.v
 option[61]: /home/kangll/basejump_stl/bsg_async/bsg_async_credit_counter.v
 option[62]: /home/kangll/basejump_stl/bsg_async/bsg_async_fifo.v
 option[63]: /home/kangll/basejump_stl/bsg_async/bsg_async_ptr_gray.v
 option[64]: /home/kangll/basejump_stl/bsg_async/bsg_launch_sync_sync.v
 option[65]: /home/kangll/basejump_stl/bsg_async/bsg_sync_sync.v
 option[66]: /home/kangll/basejump_stl/bsg_dataflow/bsg_1_to_n_tagged.v
 option[67]: /home/kangll/basejump_stl/bsg_dataflow/bsg_1_to_n_tagged_fifo.v
 option[68]: /home/kangll/basejump_stl/bsg_dataflow/bsg_channel_narrow.v
 option[69]: /home/kangll/basejump_stl/bsg_dataflow/bsg_channel_tunnel.v
 option[70]: /home/kangll/basejump_stl/bsg_dataflow/bsg_channel_tunnel_in.v
 option[71]: /home/kangll/basejump_stl/bsg_dataflow/bsg_channel_tunnel_out.v
 option[72]: /home/kangll/basejump_stl/bsg_dataflow/bsg_fifo_1r1w_narrowed.v
 option[73]: /home/kangll/basejump_stl/bsg_dataflow/bsg_fifo_1r1w_pseudo_large.v
 option[74]: /home/kangll/basejump_stl/bsg_dataflow/bsg_fifo_1r1w_small.v
 option[75]: /home/kangll/basejump_stl/bsg_dataflow/bsg_fifo_1r1w_small_hardened.v
 option[76]: /home/kangll/basejump_stl/bsg_dataflow/bsg_fifo_1r1w_small_unhardened.v
 option[77]: /home/kangll/basejump_stl/bsg_dataflow/bsg_fifo_1rw_large.v
 option[78]: /home/kangll/basejump_stl/bsg_dataflow/bsg_fifo_tracker.v
 option[79]: /home/kangll/basejump_stl/bsg_dataflow/bsg_flatten_2D_array.v
 option[80]: /home/kangll/basejump_stl/bsg_dataflow/bsg_make_2D_array.v
 option[81]: /home/kangll/basejump_stl/bsg_dataflow/bsg_one_fifo.v
 option[82]: /home/kangll/basejump_stl/bsg_dataflow/bsg_parallel_in_serial_out.v
 option[83]: /home/kangll/basejump_stl/bsg_dataflow/bsg_serial_in_parallel_out.v
 option[84]: /home/kangll/basejump_stl/bsg_dataflow/bsg_round_robin_1_to_n.v
 option[85]: /home/kangll/basejump_stl/bsg_dataflow/bsg_round_robin_fifo_to_fifo.v
 option[86]: /home/kangll/basejump_stl/bsg_dataflow/bsg_round_robin_n_to_1.v
 option[87]: /home/kangll/basejump_stl/bsg_dataflow/bsg_sbox.v
 option[88]: /home/kangll/basejump_stl/bsg_dataflow/bsg_scatter_gather.v
 option[89]: /home/kangll/basejump_stl/bsg_dataflow/bsg_serial_in_parallel_out_full.v
 option[90]: /home/kangll/basejump_stl/bsg_dataflow/bsg_two_fifo.v
 option[91]: /home/kangll/basejump_stl/bsg_fsb/bsg_front_side_bus_hop_in.v
 option[92]: /home/kangll/basejump_stl/bsg_fsb/bsg_front_side_bus_hop_out.v
 option[93]: /home/kangll/basejump_stl/bsg_fsb/bsg_fsb.v
 option[94]: /home/kangll/basejump_stl/bsg_fsb/bsg_fsb_murn_gateway.v
 option[95]: /home/kangll/basejump_stl/bsg_link/bsg_link_ddr_downstream.v
 option[96]: /home/kangll/basejump_stl/bsg_link/bsg_link_ddr_upstream.v
 option[97]: /home/kangll/basejump_stl/bsg_link/bsg_link_iddr_phy.v
 option[98]: /home/kangll/basejump_stl/bsg_link/bsg_link_oddr_phy.v
 option[99]: /home/kangll/basejump_stl/bsg_link/bsg_link_source_sync_downstream.v
 option[100]: /home/kangll/basejump_stl/bsg_link/bsg_link_source_sync_upstream.v
 option[101]: /home/kangll/basejump_stl/bsg_mem/bsg_mem_1r1w.v
 option[102]: /home/kangll/basejump_stl/bsg_mem/bsg_mem_1r1w_synth.v
 option[103]: /home/kangll/basejump_stl/bsg_mem/bsg_mem_1rw_sync.v
 option[104]: /home/kangll/basejump_stl/bsg_mem/bsg_mem_1rw_sync_mask_write_byte.v
 option[105]: /home/kangll/basejump_stl/bsg_mem/bsg_mem_1rw_sync_mask_write_byte_synth.v
 option[106]: /home/kangll/basejump_stl/bsg_mem/bsg_mem_1rw_sync_synth.v
 option[107]: /home/kangll/basejump_stl/bsg_mem/bsg_mem_2r1w_sync.v
 option[108]: /home/kangll/basejump_stl/bsg_mem/bsg_mem_2r1w_sync_synth.v
 option[109]: /home/kangll/basejump_stl/bsg_mem/bsg_mem_banked_crossbar.v
 option[110]: /home/kangll/basejump_stl/bsg_misc/bsg_adder_cin.v
 option[111]: /home/kangll/basejump_stl/bsg_misc/bsg_and.v
 option[112]: /home/kangll/basejump_stl/bsg_misc/bsg_arb_fixed.v
 option[113]: /home/kangll/basejump_stl/bsg_misc/bsg_array_reverse.v
 option[114]: /home/kangll/basejump_stl/bsg_misc/bsg_binary_plus_one_to_gray.v
 option[115]: /home/kangll/basejump_stl/bsg_misc/bsg_buf.v
 option[116]: /home/kangll/basejump_stl/bsg_misc/bsg_buf_ctrl.v
 option[117]: /home/kangll/basejump_stl/bsg_misc/bsg_circular_ptr.v
 option[118]: /home/kangll/basejump_stl/bsg_misc/bsg_clkbuf.v
 option[119]: /home/kangll/basejump_stl/bsg_misc/bsg_counter_clear_up.v
 option[120]: /home/kangll/basejump_stl/bsg_misc/bsg_counter_up_down.v
 option[121]: /home/kangll/basejump_stl/bsg_misc/bsg_counter_up_down_variable.v
 option[122]: /home/kangll/basejump_stl/bsg_misc/bsg_crossbar_o_by_i.v
 option[123]: /home/kangll/basejump_stl/bsg_misc/bsg_cycle_counter.v
 option[124]: /home/kangll/basejump_stl/bsg_misc/bsg_decode.v
 option[125]: /home/kangll/basejump_stl/bsg_misc/bsg_decode_with_v.v
 option[126]: /home/kangll/basejump_stl/bsg_misc/bsg_dff.v
 option[127]: /home/kangll/basejump_stl/bsg_misc/bsg_dff_en.v
 option[128]: /home/kangll/basejump_stl/bsg_misc/bsg_dff_reset.v
 option[129]: /home/kangll/basejump_stl/bsg_misc/bsg_dff_reset_en.v
 option[130]: /home/kangll/basejump_stl/bsg_misc/bsg_encode_one_hot.v
 option[131]: /home/kangll/basejump_stl/bsg_misc/bsg_gray_to_binary.v
 option[132]: /home/kangll/basejump_stl/bsg_misc/bsg_idiv_iterative.v
 option[133]: /home/kangll/basejump_stl/bsg_misc/bsg_idiv_iterative_controller.v
 option[134]: /home/kangll/basejump_stl/bsg_misc/bsg_imul_iterative.v
 option[135]: /home/kangll/basejump_stl/bsg_misc/bsg_mux.v
 option[136]: /home/kangll/basejump_stl/bsg_misc/bsg_mux_one_hot.v
 option[137]: /home/kangll/basejump_stl/bsg_misc/bsg_nor2.v
 option[138]: /home/kangll/basejump_stl/bsg_misc/bsg_popcount.v
 option[139]: /home/kangll/basejump_stl/bsg_misc/bsg_priority_encode.v
 option[140]: /home/kangll/basejump_stl/bsg_misc/bsg_priority_encode_one_hot_out.v
 option[141]: /home/kangll/basejump_stl/bsg_misc/bsg_rotate_right.v
 option[142]: /home/kangll/basejump_stl/bsg_misc/bsg_round_robin_arb.v
 option[143]: /home/kangll/basejump_stl/bsg_misc/bsg_scan.v
 option[144]: /home/kangll/basejump_stl/bsg_misc/bsg_thermometer_count.v
 option[145]: /home/kangll/basejump_stl/bsg_misc/bsg_tiehi.v
 option[146]: /home/kangll/basejump_stl/bsg_misc/bsg_tielo.v
 option[147]: /home/kangll/basejump_stl/bsg_misc/bsg_transpose.v
 option[148]: /home/kangll/basejump_stl/bsg_misc/bsg_xnor.v
 option[149]: /home/kangll/basejump_stl/bsg_noc/bsg_mesh_router.v
 option[150]: /home/kangll/basejump_stl/bsg_noc/bsg_mesh_router_buffered.v
 option[151]: /home/kangll/basejump_stl/bsg_noc/bsg_mesh_stitch.v
 option[152]: /home/kangll/basejump_stl/bsg_misc/bsg_counter_dynamic_limit_en.v
 option[153]: ../common/v/bsg_guts.v
 option[154]: ../common/v/packaging/bsg_iopad_macros.v
 option[155]: ../common/v/packaging/bsg_iopad_mapping.v
 option[156]: ../common/v/packaging/bsg_iopads.v
 option[157]: ../common/v/packaging/bsg_pinout.v
 option[158]: v/bsg_chip.v
 option[159]: v/bsg_test_node_client.v
 option[160]: v/bsg_cgol.v
 option[161]: v/bsg_cgol_ctrl.v
 option[162]: v/bsg_cgol_input_data_channel.v
 option[163]: v/bsg_cgol_output_data_channel.v
 option[164]: v/bsg_cgol_cell_array.v
 option[165]: ../bsg_cgol_cell/v/bsg_cgol_cell.v
 option[166]: /home/kangll/basejump_stl/bsg_test/bsg_nonsynth_clock_gen.v
 option[167]: /home/kangll/basejump_stl/bsg_test/bsg_nonsynth_reset_gen.v
 option[168]: /home/kangll/basejump_stl/bsg_test/bsg_nonsynth_val_watcher_1p.v
 option[169]: /home/kangll/basejump_stl/bsg_test/bsg_trace_replay.v
 option[170]: /home/kangll/basejump_stl/bsg_test/test_bsg_data_gen.v
 option[171]: ../common/v/boards/bsg_double_trouble_pcb.v
 option[172]: ../common/v/boards/bsg_asic_socket.v
 option[173]: ../common/v/boards/bsg_gateway_socket.v
 option[174]: ../common/v/manycore/bsg_manycore_spmd_loader.v
 option[175]: ../common/v/manycore/bsg_manycore_vscale_pipeline_trace.v
 option[176]: ../common/v/manycore/bsg_nonsynth_manycore_io_complex.v
 option[177]: ../common/v/manycore/bsg_nonsynth_manycore_monitor.v
 option[178]: ../common/v/manycore/bsg_1hold.v
 option[179]: ../common/v/manycore/bsg_manycore_endpoint.v
 option[180]: ../common/v/manycore/bsg_manycore_endpoint_standard.v
 option[181]: ../common/v/manycore/bsg_manycore_links_to_fsb.v
 option[182]: ../common/v/manycore/bsg_manycore_pkt_decode.v
 option[183]: ../common/v/manycore/bsg_manycore_swap_ctrl.v
 option[184]: v/bsg_gateway_chip.v
 option[185]: v/bsg_test_node_master.v
 option[186]: /home/kangll/ee477-designs-final-project/bsg_cgol/build/sim-rtl-rundir/bsg_trace_master_0_rom.v
 option[187]: +incdir+/home/kangll/basejump_stl/bsg_misc
 option[188]: +incdir+/home/kangll/basejump_stl/bsg_noc
 option[189]: +incdir+../common/v/packaging
 option[190]: +incdir+../common/v/manycore
 option[191]: -load
 option[192]: /home/projects/ee477.2023wtr/cad/synopsys/verdi/Q-2020.03-SP2-8/share/PLI/VCS/LINUX64/libnovas.so:FSDBDumpCmd
Chronologic Simulation VCS Release Q-2020.03-SP1_Full64
Linux 3.10.0-1160.81.1.el7.x86_64 #1 SMP Fri Dec 16 17:29:43 UTC 2022 x86_64
CPU cores: 8
Limit information:
======================================
cputime		unlimited
filesize		unlimited
datasize		unlimited
stacksize		8192 kbytes
coredumpsize		0 kbytes
memoryuse		unlimited
vmemoryuse		unlimited
descriptors		4096
memorylocked		64 kbytes
maxproc		4096
======================================
(Special)Runtime environment variables:

Runtime environment variables:
XDG_VTNR=1
MYPYPATH=:/home/kangll/ee477-hammer-cad/hammer/src:/home/kangll/ee477-hammer-cad/hammer/src/jsonschema:/home/kangll/ee477-hammer-cad/hammer/src/python-jsonschema-objects:/home/kangll/ee477-hammer-cad/hammer/src/hammer-tech:/home/kangll/ee477-hammer-cad/hammer/src/hammer-vlsi
XDG_SESSION_ID=3620
SSH_AGENT_PID=24454
HOSTNAME=linux-lab-049.ece.uw.edu
IMSETTINGS_INTEGRATE_DESKTOP=yes
TERM=xterm-256color
XDG_MENU_PREFIX=gnome-
VTE_VERSION=5204
SHELL=/bin/bash
HISTSIZE=1000
MAKEFLAGS=TR_CFG=py/small_sim_cfg.yml
GNOME_TERMINAL_SCREEN=/org/gnome/Terminal/screen/d2d98b21_951e_4ee1_b854_64ce316179fc
QTDIR=/usr/lib64/qt-3.3
OLDPWD=/home/kangll/ee477-designs-final-project/bsg_cgol
MSI2LMP_LIBRARY=/usr/share/lammps/frc_files
QTINC=/usr/lib64/qt-3.3/include
LAMMPS_POTENTIALS=/usr/share/lammps/potentials
IMSETTINGS_MODULE=none
QT_GRAPHICSSYSTEM_CHECKED=1
HAMMER_HOME=/home/kangll/ee477-hammer-cad/hammer
USER=kangll
MAKEOVERRIDES=${-*-command-variables-*-}
LS_COLORS=rs=0:di=38;5;27:ln=38;5;51:mh=44;38;5;15:pi=40;38;5;11:so=38;5;13:do=38;5;5:bd=48;5;232;38;5;11:cd=48;5;232;38;5;3:or=48;5;232;38;5;9:mi=05;48;5;232;38;5;15:su=48;5;196;38;5;15:sg=48;5;11;38;5;16:ca=48;5;196;38;5;226:tw=48;5;10;38;5;16:ow=48;5;10;38;5;21:st=48;5;21;38;5;15:ex=38;5;34:*.tar=38;5;9:*.tgz=38;5;9:*.arc=38;5;9:*.arj=38;5;9:*.taz=38;5;9:*.lha=38;5;9:*.lz4=38;5;9:*.lzh=38;5;9:*.lzma=38;5;9:*.tlz=38;5;9:*.txz=38;5;9:*.tzo=38;5;9:*.t7z=38;5;9:*.zip=38;5;9:*.z=38;5;9:*.Z=38;5;9:*.dz=38;5;9:*.gz=38;5;9:*.lrz=38;5;9:*.lz=38;5;9:*.lzo=38;5;9:*.xz=38;5;9:*.bz2=38;5;9:*.bz=38;5;9:*.tbz=38;5;9:*.tbz2=38;5;9:*.tz=38;5;9:*.deb=38;5;9:*.rpm=38;5;9:*.jar=38;5;9:*.war=38;5;9:*.ear=38;5;9:*.sar=38;5;9:*.rar=38;5;9:*.alz=38;5;9:*.ace=38;5;9:*.zoo=38;5;9:*.cpio=38;5;9:*.7z=38;5;9:*.rz=38;5;9:*.cab=38;5;9:*.jpg=38;5;13:*.jpeg=38;5;13:*.gif=38;5;13:*.bmp=38;5;13:*.pbm=38;5;13:*.pgm=38;5;13:*.ppm=38;5;13:*.tga=38;5;13:*.xbm=38;5;13:*.xpm=38;5;13:*.tif=38;5;13:*.tiff=38;5;13:*.png=38;5;13:*.svg=38;5;13:*.svgz=38;5;13:*.mng=38;5;13:*.pcx=38;5;13:*.mov=38;5;13:*.mpg=38;5;13:*.mpeg=38;5;13:*.m2v=38;5;13:*.mkv=38;5;13:*.webm=38;5;13:*.ogm=38;5;13:*.mp4=38;5;13:*.m4v=38;5;13:*.mp4v=38;5;13:*.vob=38;5;13:*.qt=38;5;13:*.nuv=38;5;13:*.wmv=38;5;13:*.asf=38;5;13:*.rm=38;5;13:*.rmvb=38;5;13:*.flc=38;5;13:*.avi=38;5;13:*.fli=38;5;13:*.flv=38;5;13:*.gl=38;5;13:*.dl=38;5;13:*.xcf=38;5;13:*.xwd=38;5;13:*.yuv=38;5;13:*.cgm=38;5;13:*.emf=38;5;13:*.axv=38;5;13:*.anx=38;5;13:*.ogv=38;5;13:*.ogx=38;5;13:*.aac=38;5;45:*.au=38;5;45:*.flac=38;5;45:*.mid=38;5;45:*.midi=38;5;45:*.mka=38;5;45:*.mp3=38;5;45:*.mpc=38;5;45:*.ogg=38;5;45:*.ra=38;5;45:*.wav=38;5;45:*.axa=38;5;45:*.oga=38;5;45:*.spx=38;5;45:*.xspf=38;5;45:
GNOME_TERMINAL_SERVICE=:1.967
SSH_AUTH_SOCK=/run/user/1259106/keyring/ssh
HAMMER_VLSI=/home/kangll/ee477-hammer-cad/hammer/src/hammer-vlsi
MAKELEVEL=1
SESSION_MANAGER=local/unix:@/tmp/.ICE-unix/24310,unix/unix:/tmp/.ICE-unix/24310
USERNAME=kangll
MFLAGS=
GNOME_SHELL_SESSION_MODE=classic
MAIL=/var/spool/mail/kangll
PATH=/usr/lib64/qt-3.3/bin:/usr/local/bin:/usr/local/sbin:/usr/bin:/usr/sbin:/bin:/sbin:/homes/kangll/.local/bin:/homes/kangll/bin :/home/kangll/ee477-hammer-cad/hammer/src/hammer-shell
DESKTOP_SESSION=gnome-classic
QT_IM_MODULE=ibus
PWD=/home/kangll/ee477-designs-final-project/bsg_cgol/build/sim-rtl-rundir
TR_CFG=py/small_sim_cfg.yml
XDG_SESSION_TYPE=x11
XMODIFIERS=@im=ibus
LANG=en_US.UTF-8
GDM_LANG=en_US.UTF-8
MODULEPATH=/usr/share/Modules/modulefiles:/etc/modulefiles
LOADEDMODULES=
GDMSESSION=gnome-classic
SSH_ASKPASS=/usr/libexec/openssh/gnome-ssh-askpass
KRB5CCNAME=KEYRING:persistent:1259106
HISTCONTROL=ignoredups
SHLVL=3
XDG_SEAT=seat0
HOME=/homes/kangll
GNOME_DESKTOP_SESSION_ID=this-is-deprecated
PYTHONPATH=:/home/kangll/ee477-hammer-cad/hammer/src:/home/kangll/ee477-hammer-cad/hammer/src/jsonschema:/home/kangll/ee477-hammer-cad/hammer/src/python-jsonschema-objects:/home/kangll/ee477-hammer-cad/hammer/src/hammer-tech:/home/kangll/ee477-hammer-cad/hammer/src/hammer-vlsi
LOGNAME=kangll
XDG_SESSION_DESKTOP=gnome-classic
CVS_RSH=ssh
QTLIB=/usr/lib64/qt-3.3/lib
DBUS_SESSION_BUS_ADDRESS=unix:abstract=/tmp/dbus-PpKdhmDgGI,guid=1bd24cbaf4114401e752780163f86fbf
XDG_DATA_DIRS=/homes/kangll/.local/share/flatpak/exports/share/:/var/lib/flatpak/exports/share/:/usr/local/share/:/usr/share/
MODULESHOME=/usr/share/Modules
LESSOPEN=||/usr/bin/lesspipe.sh %s
WINDOWPATH=1:1:1:1:1:1:1:1:2:2:3:4:2:2:2:1:1:2:4:4:1:1:1:4:4:4:4:4:4:5:1:1
DISPLAY=:0
XDG_RUNTIME_DIR=/run/user/1259106
XDG_CURRENT_DESKTOP=GNOME-Classic:GNOME
COLORTERM=truecolor
XAUTHORITY=/run/gdm/auth-for-kangll-9Y7koC/database
BASH_FUNC_module()=() {  eval `/usr/bin/modulecmd bash $*`
}
_=./simv
VCS_HEAP_EXEC=true
VCS_PATHMAP_PRELOAD_DONE=1
VCS_STACK_EXEC=true
VCS_EXEC_DONE=1
SNPSLMD_LICENSE_FILE=27008@synopsysls.s.uw.edu
VCS_HOME=/home/projects/ee477.2023wtr/cad/synopsys/vcs/Q-2020.03-SP1
LC_ALL=C
VERDI_HOME=/home/projects/ee477.2023wtr/cad/synopsys/verdi/Q-2020.03-SP2-8
DVE=/home/projects/ee477.2023wtr/cad/synopsys/vcs/Q-2020.03-SP1/gui/dve
SPECMAN_OUTPUT_TO_TTY=1
FLEXLM_BORROWFILE=/homes/kangll/.linux-lab-049.ece.uw.edu-borrow.txt
Runtime command line arguments:
argv[0]=./simv
380 profile - 100
          CPU/Mem usage: 0.040 sys,  0.180 user,  280.99M mem
381 Elapsed time:    0:00:01    Fri Feb 24 20:47:02 2023
382 pliAppInit
383 FSDB_GATE is set.
384 FSDB_RTL is set.
385 FSDB_RTL is set.
386 FSDB_FIELDTYPE is set.
387 Enable Parallel Dumping.
388 pliAppMiscSet: New Sim Round
389 pliEntryInit
390 LIBSSCORE=found /home/projects/ee477.2023wtr/cad/synopsys/verdi/Q-2020.03-SP2-8/share/PLI/lib/LINUXAMD64/libsscore_vcs202003.so through $NOVAS_HOME setting.
391 FSDB Dumper for VCS, Release Verdi_Q-2020.03-SP2-8, Linux x86_64/64bit, 08/31/2021
392 (C) 1996 - 2021 by Synopsys, Inc.
393 sps_call_fsdbDumpfile_main at 0 : v/bsg_gateway_chip.v(11)
394 argv[0]: (waveform.fsdb)
395 *Verdi* : Create FSDB file 'waveform.fsdb'
396 compile option from '/home/kangll/ee477-designs-final-project/bsg_cgol/build/sim-rtl-rundir/simv.daidir/vcs_rebuild'.
397   "vcs '-full64' '-override_timescale=1ps/1ps' '-sverilog' '-Mdir=/home/kangll/ee477-designs-final-project/bsg_cgol/build/sim-rtl-rundir' '-o' '/home/kangll/ee477-designs-final-project/bsg_cgol/build/sim-rtl-rundir/simv' '-debug_access+all' '-kdb' '-top' 'bsg_double_trouble_pcb' '../common/v/bsg_guts.vh' '/home/kangll/basejump_stl/bsg_misc/bsg_defines.v' '/home/kangll/basejump_stl/bsg_fsb/bsg_fsb_pkg.v' '/home/kangll/basejump_stl/bsg_noc/bsg_noc_links.vh' '/home/kangll/basejump_stl/bsg_noc/bsg_noc_pkg.v' '/home/kangll/basejump_stl/bsg_noc/bsg_mesh_router_pkg.v' '/home/kangll/basejump_stl/bsg_misc/bsg_counter_overflow_set_en.v' '/home/kangll/basejump_stl/bsg_misc/bsg_concentrate_static.v' '/home/kangll/basejump_stl/bsg_misc/bsg_unconcentrate_static.v' '/home/kangll/basejump_stl/bsg_misc/bsg_counter_set_down.v' '/home/kangll/basejump_stl/bsg_misc/bsg_array_concentrate_static.v' '/home/kangll/basejump_stl/bsg_noc/bsg_wormhole_router_pkg.v' '/home/kangll/basejump_stl/bsg_noc/bsg_wormhole_router.v' '/home/kangll/basejump_stl/bsg_noc/bsg_ready_and_link_async_to_wormhole.v' '/home/kangll/basejump_stl/bsg_noc/bsg_wormhole_router_decoder_dor.v' '/home/kangll/basejump_stl/bsg_noc/bsg_wormhole_router_input_control.v' '/home/kangll/basejump_stl/bsg_noc/bsg_wormhole_router_output_control.v' '/home/kangll/basejump_stl/bsg_async/bsg_async_credit_counter.v' '/home/kangll/basejump_stl/bsg_async/bsg_async_fifo.v' '/home/kangll/basejump_stl/bsg_async/bsg_async_ptr_gray.v' '/home/kangll/basejump_stl/bsg_async/bsg_launch_sync_sync.v' '/home/kangll/basejump_stl/bsg_async/bsg_sync_sync.v' '/home/kangll/basejump_stl/bsg_dataflow/bsg_1_to_n_tagged.v' '/home/kangll/basejump_stl/bsg_dataflow/bsg_1_to_n_tagged_fifo.v' '/home/kangll/basejump_stl/bsg_dataflow/bsg_channel_narrow.v' '/home/kangll/basejump_stl/bsg_dataflow/bsg_channel_tunnel.v' '/home/kangll/basejump_stl/bsg_dataflow/bsg_channel_tunnel_in.v' '/home/kangll/basejump_stl/bsg_dataflow/bsg_channel_tunnel_out.v' '/home/kangll/basejump_stl/bsg_dataflow/bsg_fifo_1r1w_narrowed.v' '/home/kangll/basejump_stl/bsg_dataflow/bsg_fifo_1r1w_pseudo_large.v' '/home/kangll/basejump_stl/bsg_dataflow/bsg_fifo_1r1w_small.v' '/home/kangll/basejump_stl/bsg_dataflow/bsg_fifo_1r1w_small_hardened.v' '/home/kangll/basejump_stl/bsg_dataflow/bsg_fifo_1r1w_small_unhardened.v' '/home/kangll/basejump_stl/bsg_dataflow/bsg_fifo_1rw_large.v' '/home/kangll/basejump_stl/bsg_dataflow/bsg_fifo_tracker.v' '/home/kangll/basejump_stl/bsg_dataflow/bsg_flatten_2D_array.v' '/home/kangll/basejump_stl/bsg_dataflow/bsg_make_2D_array.v' '/home/kangll/basejump_stl/bsg_dataflow/bsg_one_fifo.v' '/home/kangll/basejump_stl/bsg_dataflow/bsg_parallel_in_serial_out.v' '/home/kangll/basejump_stl/bsg_dataflow/bsg_serial_in_parallel_out.v' '/home/kangll/basejump_stl/bsg_dataflow/bsg_round_robin_1_to_n.v' '/home/kangll/basejump_stl/bsg_dataflow/bsg_round_robin_fifo_to_fifo.v' '/home/kangll/basejump_stl/bsg_dataflow/bsg_round_robin_n_to_1.v' '/home/kangll/basejump_stl/bsg_dataflow/bsg_sbox.v' '/home/kangll/basejump_stl/bsg_dataflow/bsg_scatter_gather.v' '/home/kangll/basejump_stl/bsg_dataflow/bsg_serial_in_parallel_out_full.v' '/home/kangll/basejump_stl/bsg_dataflow/bsg_two_fifo.v' '/home/kangll/basejump_stl/bsg_fsb/bsg_front_side_bus_hop_in.v' '/home/kangll/basejump_stl/bsg_fsb/bsg_front_side_bus_hop_out.v' '/home/kangll/basejump_stl/bsg_fsb/bsg_fsb.v' '/home/kangll/basejump_stl/bsg_fsb/bsg_fsb_murn_gateway.v' '/home/kangll/basejump_stl/bsg_link/bsg_link_ddr_downstream.v' '/home/kangll/basejump_stl/bsg_link/bsg_link_ddr_upstream.v' '/home/kangll/basejump_stl/bsg_link/bsg_link_iddr_phy.v' '/home/kangll/basejump_stl/bsg_link/bsg_link_oddr_phy.v' '/home/kangll/basejump_stl/bsg_link/bsg_link_source_sync_downstream.v' '/home/kangll/basejump_stl/bsg_link/bsg_link_source_sync_upstream.v' '/home/kangll/basejump_stl/bsg_mem/bsg_mem_1r1w.v' '/home/kangll/basejump_stl/bsg_mem/bsg_mem_1r1w_synth.v' '/home/kangll/basejump_stl/bsg_mem/bsg_mem_1rw_sync.v' '/home/kangll/basejump_stl/bsg_mem/bsg_mem_1rw_sync_mask_write_byte.v' '/home/kangll/basejump_stl/bsg_mem/bsg_mem_1rw_sync_mask_write_byte_synth.v' '/home/kangll/basejump_stl/bsg_mem/bsg_mem_1rw_sync_synth.v' '/home/kangll/basejump_stl/bsg_mem/bsg_mem_2r1w_sync.v' '/home/kangll/basejump_stl/bsg_mem/bsg_mem_2r1w_sync_synth.v' '/home/kangll/basejump_stl/bsg_mem/bsg_mem_banked_crossbar.v' '/home/kangll/basejump_stl/bsg_misc/bsg_adder_cin.v' '/home/kangll/basejump_stl/bsg_misc/bsg_and.v' '/home/kangll/basejump_stl/bsg_misc/bsg_arb_fixed.v' '/home/kangll/basejump_stl/bsg_misc/bsg_array_reverse.v' '/home/kangll/basejump_stl/bsg_misc/bsg_binary_plus_one_to_gray.v' '/home/kangll/basejump_stl/bsg_misc/bsg_buf.v' '/home/kangll/basejump_stl/bsg_misc/bsg_buf_ctrl.v' '/home/kangll/basejump_stl/bsg_misc/bsg_circular_ptr.v' '/home/kangll/basejump_stl/bsg_misc/bsg_clkbuf.v' '/home/kangll/basejump_stl/bsg_misc/bsg_counter_clear_up.v' '/home/kangll/basejump_stl/bsg_misc/bsg_counter_up_down.v' '/home/kangll/basejump_stl/bsg_misc/bsg_counter_up_down_variable.v' '/home/kangll/basejump_stl/bsg_misc/bsg_crossbar_o_by_i.v' '/home/kangll/basejump_stl/bsg_misc/bsg_cycle_counter.v' '/home/kangll/basejump_stl/bsg_misc/bsg_decode.v' '/home/kangll/basejump_stl/bsg_misc/bsg_decode_with_v.v' '/home/kangll/basejump_stl/bsg_misc/bsg_dff.v' '/home/kangll/basejump_stl/bsg_misc/bsg_dff_en.v' '/home/kangll/basejump_stl/bsg_misc/bsg_dff_reset.v' '/home/kangll/basejump_stl/bsg_misc/bsg_dff_reset_en.v' '/home/kangll/basejump_stl/bsg_misc/bsg_encode_one_hot.v' '/home/kangll/basejump_stl/bsg_misc/bsg_gray_to_binary.v' '/home/kangll/basejump_stl/bsg_misc/bsg_idiv_iterative.v' '/home/kangll/basejump_stl/bsg_misc/bsg_idiv_iterative_controller.v' '/home/kangll/basejump_stl/bsg_misc/bsg_imul_iterative.v' '/home/kangll/basejump_stl/bsg_misc/bsg_mux.v' '/home/kangll/basejump_stl/bsg_misc/bsg_mux_one_hot.v' '/home/kangll/basejump_stl/bsg_misc/bsg_nor2.v' '/home/kangll/basejump_stl/bsg_misc/bsg_popcount.v' '/home/kangll/basejump_stl/bsg_misc/bsg_priority_encode.v' '/home/kangll/basejump_stl/bsg_misc/bsg_priority_encode_one_hot_out.v' '/home/kangll/basejump_stl/bsg_misc/bsg_rotate_right.v' '/home/kangll/basejump_stl/bsg_misc/bsg_round_robin_arb.v' '/home/kangll/basejump_stl/bsg_misc/bsg_scan.v' '/home/kangll/basejump_stl/bsg_misc/bsg_thermometer_count.v' '/home/kangll/basejump_stl/bsg_misc/bsg_tiehi.v' '/home/kangll/basejump_stl/bsg_misc/bsg_tielo.v' '/home/kangll/basejump_stl/bsg_misc/bsg_transpose.v' '/home/kangll/basejump_stl/bsg_misc/bsg_xnor.v' '/home/kangll/basejump_stl/bsg_noc/bsg_mesh_router.v' '/home/kangll/basejump_stl/bsg_noc/bsg_mesh_router_buffered.v' '/home/kangll/basejump_stl/bsg_noc/bsg_mesh_stitch.v' '/home/kangll/basejump_stl/bsg_misc/bsg_counter_dynamic_limit_en.v' '../common/v/bsg_guts.v' '../common/v/packaging/bsg_iopad_macros.v' '../common/v/packaging/bsg_iopad_mapping.v' '../common/v/packaging/bsg_iopads.v' '../common/v/packaging/bsg_pinout.v' 'v/bsg_chip.v' 'v/bsg_test_node_client.v' 'v/bsg_cgol.v' 'v/bsg_cgol_ctrl.v' 'v/bsg_cgol_input_data_channel.v' 'v/bsg_cgol_output_data_channel.v' 'v/bsg_cgol_cell_array.v' '../bsg_cgol_cell/v/bsg_cgol_cell.v' '/home/kangll/basejump_stl/bsg_test/bsg_nonsynth_clock_gen.v' '/home/kangll/basejump_stl/bsg_test/bsg_nonsynth_reset_gen.v' '/home/kangll/basejump_stl/bsg_test/bsg_nonsynth_val_watcher_1p.v' '/home/kangll/basejump_stl/bsg_test/bsg_trace_replay.v' '/home/kangll/basejump_stl/bsg_test/test_bsg_data_gen.v' '../common/v/boards/bsg_double_trouble_pcb.v' '../common/v/boards/bsg_asic_socket.v' '../common/v/boards/bsg_gateway_socket.v' '../common/v/manycore/bsg_manycore_spmd_loader.v' '../common/v/manycore/bsg_manycore_vscale_pipeline_trace.v' '../common/v/manycore/bsg_nonsynth_manycore_io_complex.v' '../common/v/manycore/bsg_nonsynth_manycore_monitor.v' '../common/v/manycore/bsg_1hold.v' '../common/v/manycore/bsg_manycore_endpoint.v' '../common/v/manycore/bsg_manycore_endpoint_standard.v' '../common/v/manycore/bsg_manycore_links_to_fsb.v' '../common/v/manycore/bsg_manycore_pkt_decode.v' '../common/v/manycore/bsg_manycore_swap_ctrl.v' 'v/bsg_gateway_chip.v' 'v/bsg_test_node_master.v' '/home/kangll/ee477-designs-final-project/bsg_cgol/build/sim-rtl-rundir/bsg_trace_master_0_rom.v' '+incdir+/home/kangll/basejump_stl/bsg_misc' '+incdir+/home/kangll/basejump_stl/bsg_noc' '+incdir+../common/v/packaging' '+incdir+../common/v/manycore' '+define+FSB_LEGACY=1' '+define+NUM_MASTER_NODES=1' '+define+CORE_0_PERIOD=10000' '+define+IO_MASTER_0_PERIOD=20000' '+define+CORE_1_PERIOD=10000' '+define+IO_MASTER_1_PERIOD=20000' 2>&1"
398 DVDI_is_vir_unload_enabled is enable
399 FSDB_VCS_ENABLE_NATIVE_VC is enable
400 sps_call_fsdbDumpvars_vd_main at 0 : v/bsg_gateway_chip.v(12)
401 [spi_vcs_vd_ppi_create_root]: no upf option
402 FSDB dumper cannot dump UPF related power signal ($power_tree): no ppiPowerNetwork.
403 Power dumping is enabled and VIR_REDUCTION may not work.
404 *Verdi* : Begin traversing the scopes, layer (0).
405 *Verdi* : End of traversing.
406 pliAppHDL_DumpVarComplete traverse var: profile - 
          CPU/Mem usage: 0.050 sys,  0.220 user,  397.75M mem
                   incr: 0.000 sys,  0.030 user,  24.94M mem
                   accu: 0.000 sys,  0.030 user,  24.94M mem
              accu incr: 0.000 sys,  0.030 user,  24.94M mem

          Count usage: 4101 var,  2933 idcode,  883 callback
                 incr: 4101 var,  2933 idcode,  883 callback
                 accu: 4101 var,  2933 idcode,  883 callback
            accu incr: 4101 var,  2933 idcode,  883 callback
407 Elapsed time:    0:00:01    Fri Feb 24 20:47:02 2023
408 pliAppHDL_DumpVarComplete: profile - 
          CPU/Mem usage: 0.050 sys,  0.220 user,  398.81M mem
                   incr: 0.000 sys,  0.000 user,  1.05M mem
                   accu: 0.000 sys,  0.030 user,  26.00M mem
              accu incr: 0.000 sys,  0.000 user,  1.05M mem

          Count usage: 4101 var,  2933 idcode,  883 callback
                 incr: 0 var,  0 idcode,  0 callback
                 accu: 4101 var,  2933 idcode,  883 callback
            accu incr: 0 var,  0 idcode,  0 callback
409 Elapsed time:    0:00:01    Fri Feb 24 20:47:02 2023
410 End of simulation at 41083660000
411 Elapsed time:    0:04:14    Fri Feb 24 20:51:15 2023
412 Begin FSDB profile info:
413 FSDB Writer : bc1(80109498) bcn(32865611) mtf/stf(0/8)
FSDB Writer elapsed time : flush(2.593254) io wait(0.000000) theadpool wait(0.000000)
FSDB Writer cpu time : MT Compression : 0
414 End FSDB profile info
415 Parallel profile     - ProducerThread:1 ConsumerThread:1 Buffer:64MB
416                      - BlockUsed:812 Acquire:133508660 BufferUsed:1567159235
417                      - Flush:3 Expand:0 ProducerWait:0 ConsumerWait:312
418                      - MainProducerTime:10.108480821 TotalConsumerTime:7.949983841
419                      - ElapsedTime:253.256197000
420 Producer   0 profile - BlockUsed:812 Acquire:133508660 BufferUsed:1567159235
421 Consumer   0 profile - Affinity:-1 CPUTime:7.949983841 LifeTime:252.759398422 (0.03%)
422                      - BlockUsed:812 Acquire:133508660 BufferUsed:1567159235
423 SimExit
424 Elapsed time:    0:04:14    Fri Feb 24 20:51:15 2023
425 Sim process exit
