Chronologic VCS simulator copyright 1991-2020
Contains Synopsys proprietary information.
Compiler version Q-2020.03-SP1_Full64; Runtime version Q-2020.03-SP1_Full64;  Feb 24 20:47 2023
bsg_double_trouble_pcb.cg with cycle_time_p 6667
bsg_double_trouble_pcb.gateway.bgc.asic_core_gen_clk with cycle_time_p       10000
bsg_double_trouble_pcb.gateway.bgc.asic_master_gen_clk with cycle_time_p       20000
bsg_double_trouble_pcb.gateway.bgc.gateway_core_gen_clk with cycle_time_p       10000
bsg_double_trouble_pcb.gateway.bgc.gateway_master_gen_clk with cycle_time_p       20000
## bsg_mem_1r1w: instantiating width_p=         18, els_p=         64, read_write_same_addr_p=          0, harden_p=          0 (bsg_double_trouble_pcb.gateway.bgc.guts.link_downstream.ch[0].downstream.baf.MSYNC_1r1w)
## bsg_mem_1r1w: instantiating width_p=         18, els_p=         64, read_write_same_addr_p=          0, harden_p=          0 (bsg_double_trouble_pcb.asic.ASIC.guts.link_downstream.ch[0].downstream.baf.MSYNC_1r1w)
*Verdi* Loading libsscore_vcs202003.so
FSDB Dumper for VCS, Release Verdi_Q-2020.03-SP2-8, Linux x86_64/64bit, 08/31/2021
(C) 1996 - 2021 by Synopsys, Inc.
*Verdi* : Create FSDB file 'waveform.fsdb'
*Verdi* : Begin traversing the scopes, layer (0).
*Verdi* : End of traversing.
bsg_double_trouble_pcb.gateway.bgc gateway creating clocks      10000      10000      20000      20000
__________ ___________  _______________________________
\______   \\_   _____/ /   _____/\_   _____/\__    ___/
 |       _/ |    __)_  \_____  \  |    __)_   |    |   
 |    |   \ |        \ /        \ |        \  |    |  0->1 time =     320000
 |____|_  //_______  //_______  //_______  /  |____|   
 ASYNC  \/         \/         \/         \/            
__________ ___________  _______________________________
\______   \\_   _____/ /   _____/\_   _____/\__    ___/
 |       _/ |    __)_  \_____  \  |    __)_   |    |   
 |    |   \ |        \ /        \ |        \  |    |  1->0 time =    2880000
 |____|_  //_______  //_______  //_______  /  |____|   
 ASYNC  \/         \/         \/         \/            
### bsg_trace_replay SEND          76'b0000000000000000000000000000000000000000000000000000000000000000000000100001 (bsg_double_trouble_pcb.gateway.bgc.guts.n[0].mstr.mstr.trace_replay)
Interrupt at time 41083660000
ucli% exit
           V C S   S i m u l a t i o n   R e p o r t 
Time: 41083660000 ps
CPU Time:     18.050 seconds;       Data structure size:   0.2Mb
Fri Feb 24 20:51:15 2023
