============================================================
  Generated by:           Genus(TM) Synthesis Solution 21.12-s068_1
  Generated on:           Feb 24 2023  11:42:07 am
  Module:                 bsg_cgol_cell
  Library domain:         ss_100C_1v60.setup_cond
    Domain index:         0
    Technology library:   sky130_fd_sc_hd__ss_100C_1v60 1.0000000000
  Operating conditions:   ss_100C_1v60 
  Interconnect mode:      global
  Area mode:              physical library
============================================================

Timing
--------

     Analysis view      Clock  Period 
--------------------------------------
ss_100C_1v60.setup_view clk   10000.0 


        Analysis          Cost   Critical        Violating 
          View           Group  Path Slack  TNS    Paths   
-----------------------------------------------------------
ss_100C_1v60.setup_view     clk      233.8  0.0          0 
                        default   No paths  0.0          0 
-----------------------------------------------------------
Total                                      -0.0          0 
                                                           

Instance Count
--------------
Leaf Instance Count             25 
Physical Instance count          0 
Sequential Instance Count        2 
Combinational Instance Count    23 
Hierarchical Instance Count      3 

Area
----
Cell Area                          247.738
Physical Cell Area                 0.000
Total Cell Area (Cell+Physical)    247.738
Net Area                           165.945
Total Area (Cell+Physical+Net)     413.683

Runtime                            0.0 seconds
Elapsed Runtime                    25 seconds
Genus peak memory usage            1179.02 
Innovus peak memory usage          no_value 
Hostname                           linux-lab-049.ece.uw.edu
