============================================================
  Generated by:           Genus(TM) Synthesis Solution 21.12-s068_1
  Generated on:           Feb 24 2023  04:52:20 pm
  Module:                 bsg_cgol_cell
  Library domain:         ss_100C_1v60.setup_cond
    Domain index:         0
    Technology library:   sky130_fd_sc_hd__ss_100C_1v60 1.0000000000
  Operating conditions:   ss_100C_1v60 
  Interconnect mode:      global
  Area mode:              physical library
============================================================

                                                Leakage                                   Library 
           Gate            Instances   Area   Power (nW)              Library              Domain 
--------------------------------------------------------------------------------------------------
sky130_fd_sc_hd__a21o_1            2   15.014     12.106    sky130_fd_sc_hd__ss_100C_1v60       0 
sky130_fd_sc_hd__dfxtp_1           1   20.019     14.408    sky130_fd_sc_hd__ss_100C_1v60       0 
sky130_fd_sc_hd__fa_1              2   40.038     20.815    sky130_fd_sc_hd__ss_100C_1v60       0 
sky130_fd_sc_hd__ha_1              7   87.584     66.129    sky130_fd_sc_hd__ss_100C_1v60       0 
sky130_fd_sc_hd__mux2i_1           1   10.010      5.294    sky130_fd_sc_hd__ss_100C_1v60       0 
sky130_fd_sc_hd__o211ai_1          1    7.507      1.024    sky130_fd_sc_hd__ss_100C_1v60       0 
sky130_fd_sc_hd__o32ai_1           1    8.758      1.847    sky130_fd_sc_hd__ss_100C_1v60       0 
sky130_fd_sc_hd__xor2_1            2   17.517      9.390    sky130_fd_sc_hd__ss_100C_1v60       0 
--------------------------------------------------------------------------------------------------
total                             17  206.448    131.013                                  


                                          Leakage  Leakage 
     Type      Instances   Area  Area % Power (nW) Power % 
-----------------------------------------------------------
sequential             1  20.019    9.7     14.408    11.0 
logic                 16 186.429   90.3    116.605    89.0 
physical_cells         0   0.000    0.0      0.000     0.0 
-----------------------------------------------------------
total                 17 206.448  100.0    131.013   100.0 

