

Working Directory = /home/kangll/ee477-designs-final-project/bsg_cgol_cell/build/syn-rundir
QoS Summary for bsg_cgol_cell
================================================================================
Metric                          final          
================================================================================
Slack (ps):                       461
  R2R (ps):                     7,848
  I2R (ps):                       461
  R2O (ps):                     4,136
  I2O (ps):                  no_value
  CG  (ps):                  no_value
TNS (ps):                           0
  R2R (ps):                         0
  I2R (ps):                         0
  R2O (ps):                         0
  I2O (ps):                  no_value
  CG  (ps):                  no_value
Failing Paths:                      0
Cell Area:                        206
Total Cell Area:                  206
Leaf Instances:                    17
Total Instances:                   17
Utilization (%):                 0.00
Tot. Net Length (um):        no_value
Avg. Net Length (um):        no_value
Route Overflow H (%):        no_value
Route Overflow V (%):        no_value
MBCI(%) (bits/gate) :            0.00
Norm Cong Hotspot Area:
  Max Cong:                  no_value
  Tot Cong:                  no_value
================================================================================
CPU  Runtime (h:m:s):        00:00:09
Real Runtime (h:m:s):        00:00:15
CPU  Elapsed (h:m:s):        00:00:13
Real Elapsed (h:m:s):        00:00:19
Memory (MB):                  1170.56
================================================================================
================================================================================
Flow Settings:
================================================================================
Total Runtime (h:m:s): 00:00:15
Total Memory (MB):     1170.56
Executable Version:    21.12-s068_1
================================================================================
Total Cell Area =  Cell Area + Physical Cell Area
Total Instances =  Leaf Instances + Physical Instances


