Chronologic VCS simulator copyright 1991-2020
Contains Synopsys proprietary information.
Compiler version Q-2020.03-SP1_Full64; Runtime version Q-2020.03-SP1_Full64;  Feb 24 15:43 2023
Doing SDF annotation ...... Done
bsg_cgol_cell_tb.clk_gen_1 with cycle_time_p       10000
## WARNING: bsg_fsb_node_trace_replay will be DEPRECATED soon; please discontinue use (bsg_cgol_cell_tb.trace_replay).
*Verdi* Loading libsscore_vcs202003.so
FSDB Dumper for VCS, Release Verdi_Q-2020.03-SP2-8, Linux x86_64/64bit, 08/31/2021
(C) 1996 - 2021 by Synopsys, Inc.
*Verdi* FSDB WARNING: The FSDB file already exists. Overwriting the FSDB file may crash the programs that are using this file.
*Verdi* : Create FSDB file 'waveform.fsdb'
*Verdi* : Begin traversing the scopes, layer (0).
*Verdi* : End of traversing.
__________ ___________  _______________________________
\______   \\_   _____/ /   _____/\_   _____/\__    ___/
 |       _/ |    __)_  \_____  \  |    __)_   |    |   
 |    |   \ |        \ /        \ |        \  |    |  0->1 time =      50000
 |____|_  //_______  //_______  //_______  /  |____|   
 ASYNC  \/         \/         \/         \/            
__________ ___________  _______________________________
\______   \\_   _____/ /   _____/\_   _____/\__    ___/
 |       _/ |    __)_  \_____  \  |    __)_   |    |   
 |    |   \ |        \ /        \ |        \  |    |  1->0 time =     100000
 |____|_  //_______  //_______  //_______  /  |____|   
 ASYNC  \/         \/         \/         \/            
### bsg_fsb_node_trace_replay SEND          10'b0100000000 (bsg_cgol_cell_tb.trace_replay.unnamed$$_0), time=              105000 uptime=
### bsg_fsb_node_trace_replay RECEIVE matched 001 (bsg_cgol_cell_tb.trace_replay)
### bsg_fsb_node_trace_replay SEND          10'b1001000100 (bsg_cgol_cell_tb.trace_replay.unnamed$$_0), time=              135000 uptime=
### bsg_fsb_node_trace_replay RECEIVE matched 001 (bsg_cgol_cell_tb.trace_replay)
### bsg_fsb_node_trace_replay SEND          10'b0000000000 (bsg_cgol_cell_tb.trace_replay.unnamed$$_0), time=              165000 uptime=
### bsg_fsb_node_trace_replay SEND          10'b1000000000 (bsg_cgol_cell_tb.trace_replay.unnamed$$_0), time=              175000 uptime=
### bsg_fsb_node_trace_replay RECEIVE matched 000 (bsg_cgol_cell_tb.trace_replay)
### bsg_fsb_node_trace_replay SEND          10'b1000000001 (bsg_cgol_cell_tb.trace_replay.unnamed$$_0), time=              195000 uptime=
### bsg_fsb_node_trace_replay RECEIVE matched 000 (bsg_cgol_cell_tb.trace_replay)
### bsg_fsb_node_trace_replay SEND          10'b1000000011 (bsg_cgol_cell_tb.trace_replay.unnamed$$_0), time=              215000 uptime=
### bsg_fsb_node_trace_replay RECEIVE matched 000 (bsg_cgol_cell_tb.trace_replay)
### bsg_fsb_node_trace_replay SEND          10'b1000000111 (bsg_cgol_cell_tb.trace_replay.unnamed$$_0), time=              235000 uptime=
############################################################################
### bsg_fsb_node_trace_replay RECEIVE unmatched (bsg_cgol_cell_tb.trace_replay) 
###    
### FAIL (trace mismatch) = 000
###              expected = 001

###              diff     = 001

############################################################################
$finish called from file "/home/kangll/basejump_stl/bsg_fsb/bsg_fsb_node_trace_replay.v", line 207.
$finish at simulation time               245000
           V C S   S i m u l a t i o n   R e p o r t 
Time: 245000 ps
CPU Time:      0.240 seconds;       Data structure size:   0.0Mb
Fri Feb 24 15:43:13 2023
